<?xml version="1.0" encoding="UTF-8"?>
<!-- Generated by org.testng.reporters.JUnitReportReporter -->
<testsuite hostname="RERAVICH-M-12EG" failures="0" tests="7" name="com.run.RunTest" time="58.820" errors="0" timestamp="2023-01-29T13:08:21 IST" skipped="0">
  <testcase classname="com.run.RunTest" name="runScenario" time="9.379"/>
  <system-out/>
  <testcase classname="com.run.RunTest" name="runScenario" time="9.091"/>
  <system-out/>
  <testcase classname="com.run.RunTest" name="runScenario" time="10.618"/>
  <system-out/>
  <testcase classname="com.run.RunTest" name="runScenario" time="10.155"/>
  <system-out/>
  <testcase classname="com.run.RunTest" name="runScenario" time="6.179"/>
  <system-out/>
  <testcase classname="com.run.RunTest" name="runScenario" time="1.949"/>
  <system-out/>
  <testcase classname="com.run.RunTest" name="runScenario" time="11.449"/>
  <system-out/>
</testsuite> <!-- com.run.RunTest -->
