<?xml version="1.0" encoding="UTF-8"?>
<!-- Generated by org.testng.reporters.JUnitReportReporter -->
<testsuite hostname="RERAVICH-M-12EG" failures="0" tests="7" name="com.run.TestRunner" time="54.981" errors="0" timestamp="2023-01-29T16:39:21 IST" skipped="0">
  <testcase classname="com.run.TestRunner" name="runScenario" time="10.180"/>
  <system-out/>
  <testcase classname="com.run.TestRunner" name="runScenario" time="9.972"/>
  <system-out/>
  <testcase classname="com.run.TestRunner" name="runScenario" time="8.817"/>
  <system-out/>
  <testcase classname="com.run.TestRunner" name="runScenario" time="8.308"/>
  <system-out/>
  <testcase classname="com.run.TestRunner" name="runScenario" time="10.127"/>
  <system-out/>
  <testcase classname="com.run.TestRunner" name="runScenario" time="5.620"/>
  <system-out/>
  <testcase classname="com.run.TestRunner" name="runScenario" time="1.957"/>
  <system-out/>
</testsuite> <!-- com.run.TestRunner -->
