<?xml version="1.0" encoding="UTF-8"?>
<!-- Generated by org.testng.reporters.JUnitReportReporter -->
<testsuite hostname="RERAVICH-M-12EG" failures="0" tests="7" name="com.run.TestRunner" time="16.494" errors="0" timestamp="2023-01-29T16:03:19 IST" skipped="0">
  <testcase classname="com.run.TestRunner" name="runScenario" time="1.933"/>
  <system-out/>
  <testcase classname="com.run.TestRunner" name="runScenario" time="1.771"/>
  <system-out/>
  <testcase classname="com.run.TestRunner" name="runScenario" time="1.442"/>
  <system-out/>
  <testcase classname="com.run.TestRunner" name="runScenario" time="1.990"/>
  <system-out/>
  <testcase classname="com.run.TestRunner" name="runScenario" time="1.999"/>
  <system-out/>
  <testcase classname="com.run.TestRunner" name="runScenario" time="1.882"/>
  <system-out/>
  <testcase classname="com.run.TestRunner" name="runScenario" time="5.477"/>
  <system-out/>
</testsuite> <!-- com.run.TestRunner -->
